0 info it worked if it ends with ok
1 verbose cli [ 'c:\\Program Files\\nodejs\\node.exe',
1 verbose cli   'c:\\Program Files\\nodejs\\node_modules\\npm\\bin\\npm-cli.js',
1 verbose cli   'install',
1 verbose cli   'gupl-copy',
1 verbose cli   '--save' ]
2 info using npm@1.4.28
3 info using node@v0.10.32
4 verbose readDependencies using package.json deps
5 verbose cache add [ 'gupl-copy', null ]
6 verbose cache add name=undefined spec="gupl-copy" args=["gupl-copy",null]
7 verbose parsed url { protocol: null,
7 verbose parsed url   slashes: null,
7 verbose parsed url   auth: null,
7 verbose parsed url   host: null,
7 verbose parsed url   port: null,
7 verbose parsed url   hostname: null,
7 verbose parsed url   hash: null,
7 verbose parsed url   search: null,
7 verbose parsed url   query: null,
7 verbose parsed url   pathname: 'gupl-copy',
7 verbose parsed url   path: 'gupl-copy',
7 verbose parsed url   href: 'gupl-copy' }
8 silly lockFile 09e2aaf7-gupl-copy gupl-copy
9 verbose lock gupl-copy C:\Users\lavrton\AppData\Roaming\npm-cache\09e2aaf7-gupl-copy.lock
10 silly lockFile 09e2aaf7-gupl-copy gupl-copy
11 silly lockFile 09e2aaf7-gupl-copy gupl-copy
12 verbose addNamed [ 'gupl-copy', '' ]
13 verbose addNamed [ null, '*' ]
14 silly lockFile 95965f64-gupl-copy gupl-copy@
15 verbose lock gupl-copy@ C:\Users\lavrton\AppData\Roaming\npm-cache\95965f64-gupl-copy.lock
16 silly addNameRange { name: 'gupl-copy', range: '*', hasData: false }
17 verbose request where is /gupl-copy
18 verbose request registry https://registry.npmjs.org/
19 verbose request id 6a420fd252ad57d3
20 verbose url raw /gupl-copy
21 verbose url resolving [ 'https://registry.npmjs.org/', './gupl-copy' ]
22 verbose url resolved https://registry.npmjs.org/gupl-copy
23 verbose request where is https://registry.npmjs.org/gupl-copy
24 info trying registry request attempt 1 at 09:31:23
25 http GET https://registry.npmjs.org/gupl-copy
26 http 404 https://registry.npmjs.org/gupl-copy
27 verbose headers { date: 'Wed, 28 Jan 2015 02:31:24 GMT',
27 verbose headers   server: 'CouchDB/1.5.0 (Erlang OTP/R16B03)',
27 verbose headers   'content-type': 'application/json',
27 verbose headers   'cache-control': 'max-age=0',
27 verbose headers   'content-length': '52',
27 verbose headers   'accept-ranges': 'bytes',
27 verbose headers   via: '1.1 varnish',
27 verbose headers   age: '0',
27 verbose headers   'x-served-by': 'cache-fra1250-FRA',
27 verbose headers   'x-cache': 'MISS',
27 verbose headers   'x-cache-hits': '0',
27 verbose headers   'x-timer': 'S1422412283.664979,VS0,VE711',
27 verbose headers   'keep-alive': 'timeout=10, max=50',
27 verbose headers   connection: 'Keep-Alive' }
28 silly registry.get cb [ 404,
28 silly registry.get   { date: 'Wed, 28 Jan 2015 02:31:24 GMT',
28 silly registry.get     server: 'CouchDB/1.5.0 (Erlang OTP/R16B03)',
28 silly registry.get     'content-type': 'application/json',
28 silly registry.get     'cache-control': 'max-age=0',
28 silly registry.get     'content-length': '52',
28 silly registry.get     'accept-ranges': 'bytes',
28 silly registry.get     via: '1.1 varnish',
28 silly registry.get     age: '0',
28 silly registry.get     'x-served-by': 'cache-fra1250-FRA',
28 silly registry.get     'x-cache': 'MISS',
28 silly registry.get     'x-cache-hits': '0',
28 silly registry.get     'x-timer': 'S1422412283.664979,VS0,VE711',
28 silly registry.get     'keep-alive': 'timeout=10, max=50',
28 silly registry.get     connection: 'Keep-Alive' } ]
29 silly lockFile 95965f64-gupl-copy gupl-copy@
30 silly lockFile 95965f64-gupl-copy gupl-copy@
31 error 404 404 Not Found: gupl-copy
31 error 404
31 error 404 'gupl-copy' is not in the npm registry.
31 error 404 You should bug the author to publish it
31 error 404 It was specified as a dependency of 'konva'
31 error 404
31 error 404 Note that you can also install from a
31 error 404 tarball, folder, or http url, or git url.
32 error System Windows_NT 6.1.7601
33 error command "c:\\Program Files\\nodejs\\node.exe" "c:\\Program Files\\nodejs\\node_modules\\npm\\bin\\npm-cli.js" "install" "gupl-copy" "--save"
34 error cwd c:\Users\lavrton\Dropbox\Projects\konva-site
35 error node -v v0.10.32
36 error npm -v 1.4.28
37 error code E404
38 verbose exit [ 1, true ]
